#
# There is insufficient memory for the Java Runtime Environment to continue.
# Native memory allocation (malloc) failed to allocate 32744 bytes for ChunkPool::allocate
# Possible reasons:
#   The system is out of physical RAM or swap space
#   The process is running with CompressedOops enabled, and the Java Heap may be blocking the growth of the native heap
# Possible solutions:
#   Reduce memory load on the system
#   Increase physical memory or swap space
#   Check if swap backing store is full
#   Decrease Java heap size (-Xmx/-Xms)
#   Decrease number of Java threads
#   Decrease Java thread stack sizes (-Xss)
#   Set larger code cache with -XX:ReservedCodeCacheSize=
#   JVM is running with Unscaled Compressed Oops mode in which the Java heap is
#     placed in the first 4GB address space. The Java Heap base address is the
#     maximum limit for the native heap growth. Please use -XX:HeapBaseMinAddress
#     to set the Java Heap base and to place the Java Heap above 4GB virtual address.
# This output file may be truncated or incomplete.
#
#  Out of Memory Error (./open/src/hotspot/share/memory/arena.cpp:79), pid=27624, tid=25492
#
# JRE version: Java(TM) SE Runtime Environment (15.0.2+7) (build 15.0.2+7-27)
# Java VM: Java HotSpot(TM) 64-Bit Server VM (15.0.2+7-27, mixed mode, tiered, compressed oops, g1 gc, windows-amd64)
# No core dump will be written. Minidumps are not enabled by default on client versions of Windows
#

---------------  S U M M A R Y ------------

Command Line: -Dfile.encoding=UTF-8 --module-path=C:\Users\KUNAL KUMAR DAS\Documents\NetBeansProjects\Electricity Billing Management System\build\classes electricity.LastBill

Host: 11th Gen Intel(R) Core(TM) i5-1135G7 @ 2.40GHz, 8 cores, 7G,  Windows 10 , 64 bit Build 19041 (10.0.19041.1151)
Time: Mon Aug  9 01:03:10 2021 India Standard Time elapsed time: 0.059382 seconds (0d 0h 0m 0s)

---------------  T H R E A D  ---------------

Current thread (0x000001eeff8df420):  JavaThread "main" [_thread_in_vm, id=25492, stack(0x0000008d1cf00000,0x0000008d1d000000)]

Stack: [0x0000008d1cf00000,0x0000008d1d000000]
Native frames: (J=compiled Java code, j=interpreted, Vv=VM code, C=native code)
V  [jvm.dll+0x62ae9a]
V  [jvm.dll+0x7817a9]
V  [jvm.dll+0x782f03]
V  [jvm.dll+0x783563]
V  [jvm.dll+0x216325]
V  [jvm.dll+0x982cf]
V  [jvm.dll+0x9861c]
V  [jvm.dll+0x5059a5]
V  [jvm.dll+0x1c057a]
V  [jvm.dll+0x1b2e6a]
V  [jvm.dll+0x504b08]
V  [jvm.dll+0x1c5740]
V  [jvm.dll+0x706243]
V  [jvm.dll+0x707c08]
V  [jvm.dll+0x707f03]
V  [jvm.dll+0x20f104]
V  [jvm.dll+0x349639]
C  0x000001ee8817eee0

Java frames: (J=compiled Java code, j=interpreted, Vv=VM code)
j  jdk.internal.module.SystemModules$all.moduleTargets()[Ljdk/internal/module/ModuleTarget;+2 java.base
j  jdk.internal.module.SystemModuleFinders.of(Ljdk/internal/module/SystemModules;)Ljava/lang/module/ModuleFinder;+8 java.base
j  jdk.internal.module.ModuleBootstrap.boot()Ljava/lang/ModuleLayer;+243 java.base
j  java.lang.System.initPhase2(ZZ)I+0 java.base
v  ~StubRoutines::call_stub

---------------  P R O C E S S  ---------------

Threads class SMR info:
_java_thread_list=0x000001ee9ef02b70, length=9, elements={
0x000001eeff8df420, 0x000001ee9eeb2130, 0x000001ee9eeb2c10, 0x000001ee9eedb3d0,
0x000001ee9eedbdb0, 0x000001ee9eedc790, 0x000001ee9eee0450, 0x000001ee9eecb9e0,
0x000001ee9ef02340
}

Java Threads: ( => current thread )
=>0x000001eeff8df420 JavaThread "main" [_thread_in_vm, id=25492, stack(0x0000008d1cf00000,0x0000008d1d000000)]
  0x000001ee9eeb2130 JavaThread "Reference Handler" daemon [_thread_blocked, id=23480, stack(0x0000008d1d600000,0x0000008d1d700000)]
  0x000001ee9eeb2c10 JavaThread "Finalizer" daemon [_thread_blocked, id=24372, stack(0x0000008d1d700000,0x0000008d1d800000)]
  0x000001ee9eedb3d0 JavaThread "Signal Dispatcher" daemon [_thread_blocked, id=25016, stack(0x0000008d1d800000,0x0000008d1d900000)]
  0x000001ee9eedbdb0 JavaThread "Attach Listener" daemon [_thread_blocked, id=25940, stack(0x0000008d1d900000,0x0000008d1da00000)]
  0x000001ee9eedc790 JavaThread "Service Thread" daemon [_thread_blocked, id=25420, stack(0x0000008d1da00000,0x0000008d1db00000)]
  0x000001ee9eee0450 JavaThread "C2 CompilerThread0" daemon [_thread_blocked, id=23684, stack(0x0000008d1db00000,0x0000008d1dc00000)]
  0x000001ee9eecb9e0 JavaThread "C1 CompilerThread0" daemon [_thread_blocked, id=2776, stack(0x0000008d1dc00000,0x0000008d1dd00000)]
  0x000001ee9ef02340 JavaThread "Sweeper thread" daemon [_thread_blocked, id=25224, stack(0x0000008d1dd00000,0x0000008d1de00000)]

Other Threads:
  0x000001ee9e277560 VMThread "VM Thread" [stack: 0x0000008d1d500000,0x0000008d1d600000] [id=24236]
  0x000001eeff91f970 GCTaskThread "GC Thread#0" [stack: 0x0000008d1d000000,0x0000008d1d100000] [id=25348]
  0x000001eeff92fe90 ConcurrentGCThread "G1 Main Marker" [stack: 0x0000008d1d100000,0x0000008d1d200000] [id=19376]
  0x000001eeff931130 ConcurrentGCThread "G1 Conc#0" [stack: 0x0000008d1d200000,0x0000008d1d300000] [id=17804]
  0x000001eeff9a9640 ConcurrentGCThread "G1 Refine#0" [stack: 0x0000008d1d300000,0x0000008d1d400000] [id=17584]
  0x000001eeff9aa150 ConcurrentGCThread "G1 Young RemSet Sampling" [stack: 0x0000008d1d400000,0x0000008d1d500000] [id=25544]

Threads with active compile tasks:

VM state: not at safepoint (normal execution)

VM Mutex/Monitor currently owned by a thread: None

Heap address: 0x0000000085a00000, size: 1958 MB, Compressed Oops mode: 32-bit
CDS disabled.
Compressed class space mapped at: 0x0000000100000000-0x0000000140000000, size: 1073741824
Narrow klass base: 0x0000000000000000, Narrow klass shift: 3, Narrow klass range: 0x140000000

GC Precious Log:
 CPUs: 8 total, 8 available
 Memory: 7831M
 Large Page Support: Disabled
 NUMA Support: Disabled
 Compressed Oops: Enabled (32-bit)
 Heap Region Size: 1M
 Heap Min Capacity: 8M
 Heap Initial Capacity: 124M
 Heap Max Capacity: 1958M
 Pre-touch: Disabled
 Parallel Workers: 8
 Concurrent Workers: 2
 Concurrent Refinement Workers: 8
 Periodic GC: Disabled

Heap:
 garbage-first heap   total 126976K, used 0K [0x0000000085a00000, 0x0000000100000000)
  region size 1024K, 1 young (1024K), 0 survivors (0K)
 Metaspace       used 3158K, capacity 3336K, committed 3456K, reserved 1064960K
  class space    used 236K, capacity 384K, committed 384K, reserved 1048576K

Heap Regions: E=young(eden), S=young(survivor), O=old, HS=humongous(starts), HC=humongous(continues), CS=collection set, F=free, OA=open archive, CA=closed archive, TAMS=top-at-mark-start (previous, next)
|   0|0x0000000085a00000, 0x0000000085a00000, 0x0000000085b00000|  0%| F|  |TAMS 0x0000000085a00000, 0x0000000085a00000| Untracked 
|   1|0x0000000085b00000, 0x0000000085b00000, 0x0000000085c00000|  0%| F|  |TAMS 0x0000000085b00000, 0x0000000085b00000| Untracked 
|   2|0x0000000085c00000, 0x0000000085c00000, 0x0000000085d00000|  0%| F|  |TAMS 0x0000000085c00000, 0x0000000085c00000| Untracked 
|   3|0x0000000085d00000, 0x0000000085d00000, 0x0000000085e00000|  0%| F|  |TAMS 0x0000000085d00000, 0x0000000085d00000| Untracked 
|   4|0x0000000085e00000, 0x0000000085e00000, 0x0000000085f00000|  0%| F|  |TAMS 0x0000000085e00000, 0x0000000085e00000| Untracked 
|   5|0x0000000085f00000, 0x0000000085f00000, 0x0000000086000000|  0%| F|  |TAMS 0x0000000085f00000, 0x0000000085f00000| Untracked 
|   6|0x0000000086000000, 0x0000000086000000, 0x0000000086100000|  0%| F|  |TAMS 0x0000000086000000, 0x0000000086000000| Untracked 
|   7|0x0000000086100000, 0x0000000086100000, 0x0000000086200000|  0%| F|  |TAMS 0x0000000086100000, 0x0000000086100000| Untracked 
|   8|0x0000000086200000, 0x0000000086200000, 0x0000000086300000|  0%| F|  |TAMS 0x0000000086200000, 0x0000000086200000| Untracked 
|   9|0x0000000086300000, 0x0000000086300000, 0x0000000086400000|  0%| F|  |TAMS 0x0000000086300000, 0x0000000086300000| Untracked 
|  10|0x0000000086400000, 0x0000000086400000, 0x0000000086500000|  0%| F|  |TAMS 0x0000000086400000, 0x0000000086400000| Untracked 
|  11|0x0000000086500000, 0x0000000086500000, 0x0000000086600000|  0%| F|  |TAMS 0x0000000086500000, 0x0000000086500000| Untracked 
|  12|0x0000000086600000, 0x0000000086600000, 0x0000000086700000|  0%| F|  |TAMS 0x0000000086600000, 0x0000000086600000| Untracked 
|  13|0x0000000086700000, 0x0000000086700000, 0x0000000086800000|  0%| F|  |TAMS 0x0000000086700000, 0x0000000086700000| Untracked 
|  14|0x0000000086800000, 0x0000000086800000, 0x0000000086900000|  0%| F|  |TAMS 0x0000000086800000, 0x0000000086800000| Untracked 
|  15|0x0000000086900000, 0x0000000086900000, 0x0000000086a00000|  0%| F|  |TAMS 0x0000000086900000, 0x0000000086900000| Untracked 
|  16|0x0000000086a00000, 0x0000000086a00000, 0x0000000086b00000|  0%| F|  |TAMS 0x0000000086a00000, 0x0000000086a00000| Untracked 
|  17|0x0000000086b00000, 0x0000000086b00000, 0x0000000086c00000|  0%| F|  |TAMS 0x0000000086b00000, 0x0000000086b00000| Untracked 
|  18|0x0000000086c00000, 0x0000000086c00000, 0x0000000086d00000|  0%| F|  |TAMS 0x0000000086c00000, 0x0000000086c00000| Untracked 
|  19|0x0000000086d00000, 0x0000000086d00000, 0x0000000086e00000|  0%| F|  |TAMS 0x0000000086d00000, 0x0000000086d00000| Untracked 
|  20|0x0000000086e00000, 0x0000000086e00000, 0x0000000086f00000|  0%| F|  |TAMS 0x0000000086e00000, 0x0000000086e00000| Untracked 
|  21|0x0000000086f00000, 0x0000000086f00000, 0x0000000087000000|  0%| F|  |TAMS 0x0000000086f00000, 0x0000000086f00000| Untracked 
|  22|0x0000000087000000, 0x0000000087000000, 0x0000000087100000|  0%| F|  |TAMS 0x0000000087000000, 0x0000000087000000| Untracked 
|  23|0x0000000087100000, 0x0000000087100000, 0x0000000087200000|  0%| F|  |TAMS 0x0000000087100000, 0x0000000087100000| Untracked 
|  24|0x0000000087200000, 0x0000000087200000, 0x0000000087300000|  0%| F|  |TAMS 0x0000000087200000, 0x0000000087200000| Untracked 
|  25|0x0000000087300000, 0x0000000087300000, 0x0000000087400000|  0%| F|  |TAMS 0x0000000087300000, 0x0000000087300000| Untracked 
|  26|0x0000000087400000, 0x0000000087400000, 0x0000000087500000|  0%| F|  |TAMS 0x0000000087400000, 0x0000000087400000| Untracked 
|  27|0x0000000087500000, 0x0000000087500000, 0x0000000087600000|  0%| F|  |TAMS 0x0000000087500000, 0x0000000087500000| Untracked 
|  28|0x0000000087600000, 0x0000000087600000, 0x0000000087700000|  0%| F|  |TAMS 0x0000000087600000, 0x0000000087600000| Untracked 
|  29|0x0000000087700000, 0x0000000087700000, 0x0000000087800000|  0%| F|  |TAMS 0x0000000087700000, 0x0000000087700000| Untracked 
|  30|0x0000000087800000, 0x0000000087800000, 0x0000000087900000|  0%| F|  |TAMS 0x0000000087800000, 0x0000000087800000| Untracked 
|  31|0x0000000087900000, 0x0000000087900000, 0x0000000087a00000|  0%| F|  |TAMS 0x0000000087900000, 0x0000000087900000| Untracked 
|  32|0x0000000087a00000, 0x0000000087a00000, 0x0000000087b00000|  0%| F|  |TAMS 0x0000000087a00000, 0x0000000087a00000| Untracked 
|  33|0x0000000087b00000, 0x0000000087b00000, 0x0000000087c00000|  0%| F|  |TAMS 0x0000000087b00000, 0x0000000087b00000| Untracked 
|  34|0x0000000087c00000, 0x0000000087c00000, 0x0000000087d00000|  0%| F|  |TAMS 0x0000000087c00000, 0x0000000087c00000| Untracked 
|  35|0x0000000087d00000, 0x0000000087d00000, 0x0000000087e00000|  0%| F|  |TAMS 0x0000000087d00000, 0x0000000087d00000| Untracked 
|  36|0x0000000087e00000, 0x0000000087e00000, 0x0000000087f00000|  0%| F|  |TAMS 0x0000000087e00000, 0x0000000087e00000| Untracked 
|  37|0x0000000087f00000, 0x0000000087f00000, 0x0000000088000000|  0%| F|  |TAMS 0x0000000087f00000, 0x0000000087f00000| Untracked 
|  38|0x0000000088000000, 0x0000000088000000, 0x0000000088100000|  0%| F|  |TAMS 0x0000000088000000, 0x0000000088000000| Untracked 
|  39|0x0000000088100000, 0x0000000088100000, 0x0000000088200000|  0%| F|  |TAMS 0x0000000088100000, 0x0000000088100000| Untracked 
|  40|0x0000000088200000, 0x0000000088200000, 0x0000000088300000|  0%| F|  |TAMS 0x0000000088200000, 0x0000000088200000| Untracked 
|  41|0x0000000088300000, 0x0000000088300000, 0x0000000088400000|  0%| F|  |TAMS 0x0000000088300000, 0x0000000088300000| Untracked 
|  42|0x0000000088400000, 0x0000000088400000, 0x0000000088500000|  0%| F|  |TAMS 0x0000000088400000, 0x0000000088400000| Untracked 
|  43|0x0000000088500000, 0x0000000088500000, 0x0000000088600000|  0%| F|  |TAMS 0x0000000088500000, 0x0000000088500000| Untracked 
|  44|0x0000000088600000, 0x0000000088600000, 0x0000000088700000|  0%| F|  |TAMS 0x0000000088600000, 0x0000000088600000| Untracked 
|  45|0x0000000088700000, 0x0000000088700000, 0x0000000088800000|  0%| F|  |TAMS 0x0000000088700000, 0x0000000088700000| Untracked 
|  46|0x0000000088800000, 0x0000000088800000, 0x0000000088900000|  0%| F|  |TAMS 0x0000000088800000, 0x0000000088800000| Untracked 
|  47|0x0000000088900000, 0x0000000088900000, 0x0000000088a00000|  0%| F|  |TAMS 0x0000000088900000, 0x0000000088900000| Untracked 
|  48|0x0000000088a00000, 0x0000000088a00000, 0x0000000088b00000|  0%| F|  |TAMS 0x0000000088a00000, 0x0000000088a00000| Untracked 
|  49|0x0000000088b00000, 0x0000000088b00000, 0x0000000088c00000|  0%| F|  |TAMS 0x0000000088b00000, 0x0000000088b00000| Untracked 
|  50|0x0000000088c00000, 0x0000000088c00000, 0x0000000088d00000|  0%| F|  |TAMS 0x0000000088c00000, 0x0000000088c00000| Untracked 
|  51|0x0000000088d00000, 0x0000000088d00000, 0x0000000088e00000|  0%| F|  |TAMS 0x0000000088d00000, 0x0000000088d00000| Untracked 
|  52|0x0000000088e00000, 0x0000000088e00000, 0x0000000088f00000|  0%| F|  |TAMS 0x0000000088e00000, 0x0000000088e00000| Untracked 
|  53|0x0000000088f00000, 0x0000000088f00000, 0x0000000089000000|  0%| F|  |TAMS 0x0000000088f00000, 0x0000000088f00000| Untracked 
|  54|0x0000000089000000, 0x0000000089000000, 0x0000000089100000|  0%| F|  |TAMS 0x0000000089000000, 0x0000000089000000| Untracked 
|  55|0x0000000089100000, 0x0000000089100000, 0x0000000089200000|  0%| F|  |TAMS 0x0000000089100000, 0x0000000089100000| Untracked 
|  56|0x0000000089200000, 0x0000000089200000, 0x0000000089300000|  0%| F|  |TAMS 0x0000000089200000, 0x0000000089200000| Untracked 
|  57|0x0000000089300000, 0x0000000089300000, 0x0000000089400000|  0%| F|  |TAMS 0x0000000089300000, 0x0000000089300000| Untracked 
|  58|0x0000000089400000, 0x0000000089400000, 0x0000000089500000|  0%| F|  |TAMS 0x0000000089400000, 0x0000000089400000| Untracked 
|  59|0x0000000089500000, 0x0000000089500000, 0x0000000089600000|  0%| F|  |TAMS 0x0000000089500000, 0x0000000089500000| Untracked 
|  60|0x0000000089600000, 0x0000000089600000, 0x0000000089700000|  0%| F|  |TAMS 0x0000000089600000, 0x0000000089600000| Untracked 
|  61|0x0000000089700000, 0x0000000089700000, 0x0000000089800000|  0%| F|  |TAMS 0x0000000089700000, 0x0000000089700000| Untracked 
|  62|0x0000000089800000, 0x0000000089800000, 0x0000000089900000|  0%| F|  |TAMS 0x0000000089800000, 0x0000000089800000| Untracked 
|  63|0x0000000089900000, 0x0000000089900000, 0x0000000089a00000|  0%| F|  |TAMS 0x0000000089900000, 0x0000000089900000| Untracked 
|  64|0x0000000089a00000, 0x0000000089a00000, 0x0000000089b00000|  0%| F|  |TAMS 0x0000000089a00000, 0x0000000089a00000| Untracked 
|  65|0x0000000089b00000, 0x0000000089b00000, 0x0000000089c00000|  0%| F|  |TAMS 0x0000000089b00000, 0x0000000089b00000| Untracked 
|  66|0x0000000089c00000, 0x0000000089c00000, 0x0000000089d00000|  0%| F|  |TAMS 0x0000000089c00000, 0x0000000089c00000| Untracked 
|  67|0x0000000089d00000, 0x0000000089d00000, 0x0000000089e00000|  0%| F|  |TAMS 0x0000000089d00000, 0x0000000089d00000| Untracked 
|  68|0x0000000089e00000, 0x0000000089e00000, 0x0000000089f00000|  0%| F|  |TAMS 0x0000000089e00000, 0x0000000089e00000| Untracked 
|  69|0x0000000089f00000, 0x0000000089f00000, 0x000000008a000000|  0%| F|  |TAMS 0x0000000089f00000, 0x0000000089f00000| Untracked 
|  70|0x000000008a000000, 0x000000008a000000, 0x000000008a100000|  0%| F|  |TAMS 0x000000008a000000, 0x000000008a000000| Untracked 
|  71|0x000000008a100000, 0x000000008a100000, 0x000000008a200000|  0%| F|  |TAMS 0x000000008a100000, 0x000000008a100000| Untracked 
|  72|0x000000008a200000, 0x000000008a200000, 0x000000008a300000|  0%| F|  |TAMS 0x000000008a200000, 0x000000008a200000| Untracked 
|  73|0x000000008a300000, 0x000000008a300000, 0x000000008a400000|  0%| F|  |TAMS 0x000000008a300000, 0x000000008a300000| Untracked 
|  74|0x000000008a400000, 0x000000008a400000, 0x000000008a500000|  0%| F|  |TAMS 0x000000008a400000, 0x000000008a400000| Untracked 
|  75|0x000000008a500000, 0x000000008a500000, 0x000000008a600000|  0%| F|  |TAMS 0x000000008a500000, 0x000000008a500000| Untracked 
|  76|0x000000008a600000, 0x000000008a600000, 0x000000008a700000|  0%| F|  |TAMS 0x000000008a600000, 0x000000008a600000| Untracked 
|  77|0x000000008a700000, 0x000000008a700000, 0x000000008a800000|  0%| F|  |TAMS 0x000000008a700000, 0x000000008a700000| Untracked 
|  78|0x000000008a800000, 0x000000008a800000, 0x000000008a900000|  0%| F|  |TAMS 0x000000008a800000, 0x000000008a800000| Untracked 
|  79|0x000000008a900000, 0x000000008a900000, 0x000000008aa00000|  0%| F|  |TAMS 0x000000008a900000, 0x000000008a900000| Untracked 
|  80|0x000000008aa00000, 0x000000008aa00000, 0x000000008ab00000|  0%| F|  |TAMS 0x000000008aa00000, 0x000000008aa00000| Untracked 
|  81|0x000000008ab00000, 0x000000008ab00000, 0x000000008ac00000|  0%| F|  |TAMS 0x000000008ab00000, 0x000000008ab00000| Untracked 
|  82|0x000000008ac00000, 0x000000008ac00000, 0x000000008ad00000|  0%| F|  |TAMS 0x000000008ac00000, 0x000000008ac00000| Untracked 
|  83|0x000000008ad00000, 0x000000008ad00000, 0x000000008ae00000|  0%| F|  |TAMS 0x000000008ad00000, 0x000000008ad00000| Untracked 
|  84|0x000000008ae00000, 0x000000008ae00000, 0x000000008af00000|  0%| F|  |TAMS 0x000000008ae00000, 0x000000008ae00000| Untracked 
|  85|0x000000008af00000, 0x000000008af00000, 0x000000008b000000|  0%| F|  |TAMS 0x000000008af00000, 0x000000008af00000| Untracked 
|  86|0x000000008b000000, 0x000000008b000000, 0x000000008b100000|  0%| F|  |TAMS 0x000000008b000000, 0x000000008b000000| Untracked 
|  87|0x000000008b100000, 0x000000008b100000, 0x000000008b200000|  0%| F|  |TAMS 0x000000008b100000, 0x000000008b100000| Untracked 
|  88|0x000000008b200000, 0x000000008b200000, 0x000000008b300000|  0%| F|  |TAMS 0x000000008b200000, 0x000000008b200000| Untracked 
|  89|0x000000008b300000, 0x000000008b300000, 0x000000008b400000|  0%| F|  |TAMS 0x000000008b300000, 0x000000008b300000| Untracked 
|  90|0x000000008b400000, 0x000000008b400000, 0x000000008b500000|  0%| F|  |TAMS 0x000000008b400000, 0x000000008b400000| Untracked 
|  91|0x000000008b500000, 0x000000008b500000, 0x000000008b600000|  0%| F|  |TAMS 0x000000008b500000, 0x000000008b500000| Untracked 
|  92|0x000000008b600000, 0x000000008b600000, 0x000000008b700000|  0%| F|  |TAMS 0x000000008b600000, 0x000000008b600000| Untracked 
|  93|0x000000008b700000, 0x000000008b700000, 0x000000008b800000|  0%| F|  |TAMS 0x000000008b700000, 0x000000008b700000| Untracked 
|  94|0x000000008b800000, 0x000000008b800000, 0x000000008b900000|  0%| F|  |TAMS 0x000000008b800000, 0x000000008b800000| Untracked 
|  95|0x000000008b900000, 0x000000008b900000, 0x000000008ba00000|  0%| F|  |TAMS 0x000000008b900000, 0x000000008b900000| Untracked 
|  96|0x000000008ba00000, 0x000000008ba00000, 0x000000008bb00000|  0%| F|  |TAMS 0x000000008ba00000, 0x000000008ba00000| Untracked 
|  97|0x000000008bb00000, 0x000000008bb00000, 0x000000008bc00000|  0%| F|  |TAMS 0x000000008bb00000, 0x000000008bb00000| Untracked 
|  98|0x000000008bc00000, 0x000000008bc00000, 0x000000008bd00000|  0%| F|  |TAMS 0x000000008bc00000, 0x000000008bc00000| Untracked 
|  99|0x000000008bd00000, 0x000000008bd00000, 0x000000008be00000|  0%| F|  |TAMS 0x000000008bd00000, 0x000000008bd00000| Untracked 
| 100|0x000000008be00000, 0x000000008be00000, 0x000000008bf00000|  0%| F|  |TAMS 0x000000008be00000, 0x000000008be00000| Untracked 
| 101|0x000000008bf00000, 0x000000008bf00000, 0x000000008c000000|  0%| F|  |TAMS 0x000000008bf00000, 0x000000008bf00000| Untracked 
| 102|0x000000008c000000, 0x000000008c000000, 0x000000008c100000|  0%| F|  |TAMS 0x000000008c000000, 0x000000008c000000| Untracked 
| 103|0x000000008c100000, 0x000000008c100000, 0x000000008c200000|  0%| F|  |TAMS 0x000000008c100000, 0x000000008c100000| Untracked 
| 104|0x000000008c200000, 0x000000008c200000, 0x000000008c300000|  0%| F|  |TAMS 0x000000008c200000, 0x000000008c200000| Untracked 
| 105|0x000000008c300000, 0x000000008c300000, 0x000000008c400000|  0%| F|  |TAMS 0x000000008c300000, 0x000000008c300000| Untracked 
| 106|0x000000008c400000, 0x000000008c400000, 0x000000008c500000|  0%| F|  |TAMS 0x000000008c400000, 0x000000008c400000| Untracked 
| 107|0x000000008c500000, 0x000000008c500000, 0x000000008c600000|  0%| F|  |TAMS 0x000000008c500000, 0x000000008c500000| Untracked 
| 108|0x000000008c600000, 0x000000008c600000, 0x000000008c700000|  0%| F|  |TAMS 0x000000008c600000, 0x000000008c600000| Untracked 
| 109|0x000000008c700000, 0x000000008c700000, 0x000000008c800000|  0%| F|  |TAMS 0x000000008c700000, 0x000000008c700000| Untracked 
| 110|0x000000008c800000, 0x000000008c800000, 0x000000008c900000|  0%| F|  |TAMS 0x000000008c800000, 0x000000008c800000| Untracked 
| 111|0x000000008c900000, 0x000000008c900000, 0x000000008ca00000|  0%| F|  |TAMS 0x000000008c900000, 0x000000008c900000| Untracked 
| 112|0x000000008ca00000, 0x000000008ca00000, 0x000000008cb00000|  0%| F|  |TAMS 0x000000008ca00000, 0x000000008ca00000| Untracked 
| 113|0x000000008cb00000, 0x000000008cb00000, 0x000000008cc00000|  0%| F|  |TAMS 0x000000008cb00000, 0x000000008cb00000| Untracked 
| 114|0x000000008cc00000, 0x000000008cc00000, 0x000000008cd00000|  0%| F|  |TAMS 0x000000008cc00000, 0x000000008cc00000| Untracked 
| 115|0x000000008cd00000, 0x000000008cd00000, 0x000000008ce00000|  0%| F|  |TAMS 0x000000008cd00000, 0x000000008cd00000| Untracked 
| 116|0x000000008ce00000, 0x000000008ce00000, 0x000000008cf00000|  0%| F|  |TAMS 0x000000008ce00000, 0x000000008ce00000| Untracked 
| 117|0x000000008cf00000, 0x000000008cf00000, 0x000000008d000000|  0%| F|  |TAMS 0x000000008cf00000, 0x000000008cf00000| Untracked 
| 118|0x000000008d000000, 0x000000008d000000, 0x000000008d100000|  0%| F|  |TAMS 0x000000008d000000, 0x000000008d000000| Untracked 
| 119|0x000000008d100000, 0x000000008d100000, 0x000000008d200000|  0%| F|  |TAMS 0x000000008d100000, 0x000000008d100000| Untracked 
| 120|0x000000008d200000, 0x000000008d200000, 0x000000008d300000|  0%| F|  |TAMS 0x000000008d200000, 0x000000008d200000| Untracked 
| 121|0x000000008d300000, 0x000000008d300000, 0x000000008d400000|  0%| F|  |TAMS 0x000000008d300000, 0x000000008d300000| Untracked 
| 122|0x000000008d400000, 0x000000008d400000, 0x000000008d500000|  0%| F|  |TAMS 0x000000008d400000, 0x000000008d400000| Untracked 
| 123|0x000000008d500000, 0x000000008d575c38, 0x000000008d600000| 46%| E|  |TAMS 0x000000008d500000, 0x000000008d500000| Complete 

Card table byte_map: [0x000001ee97540000,0x000001ee97920000] _byte_map_base: 0x000001ee97113000

Marking Bits (Prev, Next): (CMBitMap*) 0x000001eeff920070, (CMBitMap*) 0x000001eeff9200b0
 Prev Bits: [0x000001ee97d00000, 0x000001ee99b98000)
 Next Bits: [0x000001ee99ba0000, 0x000001ee9ba38000)

Polling page: 0x000001eefd7e0000

Metaspace:

Usage:
  Non-class:      2.88 MB capacity,     2.85 MB ( 99%) used,    27.38 KB ( <1%) free+waste,     3.00 KB ( <1%) overhead. 
      Class:    384.00 KB capacity,   236.98 KB ( 62%) used,   146.96 KB ( 38%) free+waste,    64 bytes ( <1%) overhead. 
       Both:      3.26 MB capacity,     3.08 MB ( 95%) used,   174.34 KB (  5%) free+waste,     3.06 KB ( <1%) overhead. 

Virtual space:
  Non-class space:       16.00 MB reserved,       3.00 MB ( 19%) committed 
      Class space:        1.00 GB reserved,     384.00 KB ( <1%) committed 
             Both:        1.02 GB reserved,       3.38 MB ( <1%) committed 

Chunk freelists:
   Non-Class:  56.00 KB
       Class:  0 bytes
        Both:  56.00 KB

MaxMetaspaceSize: 17179869184.00 GB
CompressedClassSpaceSize: 1.00 GB

CodeHeap 'non-profiled nmethods': size=120000Kb used=1Kb max_used=1Kb free=119998Kb
 bounds [0x000001ee8fc30000, 0x000001ee8fea0000, 0x000001ee97160000]
CodeHeap 'profiled nmethods': size=120000Kb used=27Kb max_used=27Kb free=119972Kb
 bounds [0x000001ee88700000, 0x000001ee88970000, 0x000001ee8fc30000]
CodeHeap 'non-nmethods': size=5760Kb used=1044Kb max_used=1058Kb free=4715Kb
 bounds [0x000001ee88160000, 0x000001ee883d0000, 0x000001ee88700000]
 total_blobs=272 nmethods=21 adapters=164
 compilation: enabled
              stopped_count=0, restarted_count=0
 full_count=0

Compilation events (20 events):
Event: 0.056 Thread 0x000001ee9eecb9e0    9       3       java.lang.String::equals (50 bytes)
Event: 0.056 Thread 0x000001ee9eecb9e0 nmethod 9 0x000001ee88703510 code [0x000001ee887036e0, 0x000001ee88703ae8]
Event: 0.056 Thread 0x000001ee9eecb9e0   12       3       java.util.Objects::equals (23 bytes)
Event: 0.056 Thread 0x000001ee9eecb9e0 nmethod 12 0x000001ee88703c10 code [0x000001ee88703dc0, 0x000001ee88704028]
Event: 0.056 Thread 0x000001ee9eecb9e0   13       3       java.util.Set::of (4 bytes)
Event: 0.056 Thread 0x000001ee9eecb9e0 nmethod 13 0x000001ee88704110 code [0x000001ee887042a0, 0x000001ee88704398]
Event: 0.056 Thread 0x000001ee9eecb9e0   14       3       java.lang.module.ModuleDescriptor$Exports::<init> (20 bytes)
Event: 0.056 Thread 0x000001ee9eecb9e0 nmethod 14 0x000001ee88704410 code [0x000001ee887045c0, 0x000001ee88704838]
Event: 0.056 Thread 0x000001ee9eecb9e0   15       3       java.util.Objects::requireNonNull (14 bytes)
Event: 0.056 Thread 0x000001ee9eee0450   17       4       java.lang.StringLatin1::hashCode (42 bytes)
Event: 0.057 Thread 0x000001ee9eecb9e0 nmethod 15 0x000001ee88704910 code [0x000001ee88704ac0, 0x000001ee88704ca8]
Event: 0.057 Thread 0x000001ee9eecb9e0   16       3       java.lang.module.ModuleDescriptor$Exports::hashCode (38 bytes)
Event: 0.057 Thread 0x000001ee9eecb9e0 nmethod 16 0x000001ee88704d90 code [0x000001ee88704f60, 0x000001ee88705248]
Event: 0.057 Thread 0x000001ee9eecb9e0   18       3       java.util.AbstractCollection::<init> (5 bytes)
Event: 0.057 Thread 0x000001ee9eecb9e0 nmethod 18 0x000001ee88705390 code [0x000001ee88705520, 0x000001ee88705678]
Event: 0.057 Thread 0x000001ee9eecb9e0   19       3       java.util.ImmutableCollections$AbstractImmutableCollection::<init> (5 bytes)
Event: 0.057 Thread 0x000001ee9eecb9e0 nmethod 19 0x000001ee88705710 code [0x000001ee887058c0, 0x000001ee88705a78]
Event: 0.057 Thread 0x000001ee9eecb9e0   20       3       java.util.ImmutableCollections$AbstractImmutableSet::<init> (5 bytes)
Event: 0.057 Thread 0x000001ee9eecb9e0 nmethod 20 0x000001ee88705b90 code [0x000001ee88705d40, 0x000001ee88705f58]
Event: 0.058 Thread 0x000001ee9eecb9e0   21       3       java.util.Set::of (68 bytes)

GC Heap History (0 events):
No events

Deoptimization events (0 events):
No events

Classes unloaded (0 events):
No events

Classes redefined (0 events):
No events

Internal exceptions (0 events):
No events

Events (20 events):
Event: 0.054 loading class jdk/internal/module/SystemModules
Event: 0.054 loading class jdk/internal/module/SystemModules done
Event: 0.054 loading class jdk/internal/module/SystemModules$all done
Event: 0.055 loading class jdk/internal/module/Builder
Event: 0.055 loading class jdk/internal/module/Builder done
Event: 0.055 loading class java/lang/module/ModuleDescriptor$Requires
Event: 0.055 loading class java/lang/module/ModuleDescriptor$Requires done
Event: 0.055 loading class java/lang/module/ModuleDescriptor$Exports
Event: 0.055 loading class java/lang/module/ModuleDescriptor$Exports done
Event: 0.055 loading class java/lang/module/ModuleDescriptor$Opens
Event: 0.055 loading class java/lang/module/ModuleDescriptor$Opens done
Event: 0.055 loading class java/lang/module/ModuleDescriptor$Provides
Event: 0.055 loading class java/lang/module/ModuleDescriptor$Provides done
Event: 0.055 loading class java/lang/module/ModuleDescriptor$Version
Event: 0.055 loading class java/lang/module/ModuleDescriptor$Version done
Event: 0.055 loading class java/lang/module/ModuleDescriptor$Modifier
Event: 0.056 loading class java/lang/module/ModuleDescriptor$Modifier done
Event: 0.056 loading class java/lang/module/ModuleDescriptor$Requires$Modifier
Event: 0.056 loading class java/lang/module/ModuleDescriptor$Requires$Modifier done
Event: 0.058 loading class jdk/internal/module/ModuleTarget


Dynamic libraries:
0x00007ff6a6bb0000 - 0x00007ff6a6bbf000 	C:\Program Files\Java\jdk-15.0.2\bin\java.exe
0x00007ffc91010000 - 0x00007ffc91205000 	C:\windows\SYSTEM32\ntdll.dll
0x00007ffc8fb90000 - 0x00007ffc8fc4d000 	C:\windows\System32\KERNEL32.DLL
0x00007ffc8e900000 - 0x00007ffc8ebc9000 	C:\windows\System32\KERNELBASE.dll
0x00007ffc8ed30000 - 0x00007ffc8ee30000 	C:\windows\System32\ucrtbase.dll
0x00007ffc64320000 - 0x00007ffc64339000 	C:\Program Files\Java\jdk-15.0.2\bin\VCRUNTIME140.dll
0x00007ffc55b50000 - 0x00007ffc55b68000 	C:\Program Files\Java\jdk-15.0.2\bin\jli.dll
0x00007ffc901a0000 - 0x00007ffc9024c000 	C:\windows\System32\ADVAPI32.dll
0x00007ffc8fd70000 - 0x00007ffc8fe0e000 	C:\windows\System32\msvcrt.dll
0x00007ffc8f8d0000 - 0x00007ffc8f96b000 	C:\windows\System32\sechost.dll
0x00007ffc90d60000 - 0x00007ffc90e8a000 	C:\windows\System32\RPCRT4.dll
0x00007ffc8fec0000 - 0x00007ffc90060000 	C:\windows\System32\USER32.dll
0x00007ffc8ee30000 - 0x00007ffc8ee52000 	C:\windows\System32\win32u.dll
0x00007ffc71a90000 - 0x00007ffc71d2a000 	C:\windows\WinSxS\amd64_microsoft.windows.common-controls_6595b64144ccf1df_6.0.19041.1110_none_60b5254171f9507e\COMCTL32.dll
0x00007ffc8f350000 - 0x00007ffc8f37a000 	C:\windows\System32\GDI32.dll
0x00007ffc8ee60000 - 0x00007ffc8ef6b000 	C:\windows\System32\gdi32full.dll
0x00007ffc8ef70000 - 0x00007ffc8f00d000 	C:\windows\System32\msvcp_win.dll
0x00007ffc7e790000 - 0x00007ffc7e79a000 	C:\windows\SYSTEM32\VERSION.dll
0x00007ffc8f380000 - 0x00007ffc8f3b0000 	C:\windows\System32\IMM32.DLL
0x00007ffc83d70000 - 0x00007ffc83d7c000 	C:\Program Files\Java\jdk-15.0.2\bin\vcruntime140_1.dll
0x00007ffc51d90000 - 0x00007ffc51e21000 	C:\Program Files\Java\jdk-15.0.2\bin\msvcp140.dll
0x00007ffc68160000 - 0x00007ffc68cbe000 	C:\Program Files\Java\jdk-15.0.2\bin\server\jvm.dll
0x00007ffc8f830000 - 0x00007ffc8f838000 	C:\windows\System32\PSAPI.DLL
0x00007ffc70a90000 - 0x00007ffc70ab7000 	C:\windows\SYSTEM32\WINMM.dll
0x00007ffc6a960000 - 0x00007ffc6a969000 	C:\windows\SYSTEM32\WSOCK32.dll
0x00007ffc90250000 - 0x00007ffc902bb000 	C:\windows\System32\WS2_32.dll
0x00007ffc8cf90000 - 0x00007ffc8cfa2000 	C:\windows\SYSTEM32\kernel.appcore.dll
0x00007ffc66a90000 - 0x00007ffc66a9a000 	C:\Program Files\Java\jdk-15.0.2\bin\jimage.dll
0x00007ffc8c1a0000 - 0x00007ffc8c384000 	C:\windows\SYSTEM32\DBGHELP.DLL
0x00007ffc73470000 - 0x00007ffc7349c000 	C:\windows\SYSTEM32\dbgcore.DLL
0x00007ffc8e840000 - 0x00007ffc8e8c3000 	C:\windows\System32\bcryptPrimitives.dll
0x00007ffc66a60000 - 0x00007ffc66a85000 	C:\Program Files\Java\jdk-15.0.2\bin\java.dll
0x00007ffc902c0000 - 0x00007ffc909ff000 	C:\windows\System32\SHELL32.dll
0x00007ffc8c7f0000 - 0x00007ffc8cf80000 	C:\windows\SYSTEM32\windows.storage.dll
0x00007ffc90a00000 - 0x00007ffc90d55000 	C:\windows\System32\combase.dll
0x00007ffc8e1a0000 - 0x00007ffc8e1cc000 	C:\windows\SYSTEM32\Wldp.dll
0x00007ffc8fcc0000 - 0x00007ffc8fd6e000 	C:\windows\System32\SHCORE.dll
0x00007ffc8fc60000 - 0x00007ffc8fcb5000 	C:\windows\System32\shlwapi.dll
0x00007ffc8e680000 - 0x00007ffc8e69f000 	C:\windows\SYSTEM32\profapi.dll

dbghelp: loaded successfully - version: 4.0.5 - missing functions: none
symbol engine: initialized successfully - sym options: 0x614 - pdb path: .;C:\Program Files\Java\jdk-15.0.2\bin;C:\windows\SYSTEM32;C:\windows\WinSxS\amd64_microsoft.windows.common-controls_6595b64144ccf1df_6.0.19041.1110_none_60b5254171f9507e;C:\Program Files\Java\jdk-15.0.2\bin\server

VM Arguments:
jvm_args: -Dfile.encoding=UTF-8 --module-path=C:\Users\KUNAL KUMAR DAS\Documents\NetBeansProjects\Electricity Billing Management System\build\classes 
java_command: electricity.LastBill
java_class_path (initial): C:\Program Files\NetBeans-12.4\netbeans\ide\modules\ext\postgresql-42.2.16.jar;C:\Users\KUNAL KUMAR DAS\Downloads\rs2xml.jar;C:\MySQLJDBC\mysql-connector-java-8.0.26\mysql-connector-java-8.0.26.jar;C:\Users\KUNAL KUMAR DAS\Documents\NetBeansProjects\Electricity Billing Management System\build\classes
Launcher Type: SUN_STANDARD

[Global flags]
     intx CICompilerCount                          = 4                                         {product} {ergonomic}
     uint ConcGCThreads                            = 2                                         {product} {ergonomic}
     uint G1ConcRefinementThreads                  = 8                                         {product} {ergonomic}
   size_t G1HeapRegionSize                         = 1048576                                   {product} {ergonomic}
    uintx GCDrainStackTargetSize                   = 64                                        {product} {ergonomic}
   size_t InitialHeapSize                          = 130023424                                 {product} {ergonomic}
   size_t MarkStackSize                            = 4194304                                   {product} {ergonomic}
   size_t MaxHeapSize                              = 2053111808                                {product} {ergonomic}
   size_t MaxNewSize                               = 1231028224                                {product} {ergonomic}
   size_t MinHeapDeltaBytes                        = 1048576                                   {product} {ergonomic}
   size_t MinHeapSize                              = 8388608                                   {product} {ergonomic}
    uintx NonNMethodCodeHeapSize                   = 5839372                                {pd product} {ergonomic}
    uintx NonProfiledCodeHeapSize                  = 122909434                              {pd product} {ergonomic}
    uintx ProfiledCodeHeapSize                     = 122909434                              {pd product} {ergonomic}
    uintx ReservedCodeCacheSize                    = 251658240                              {pd product} {ergonomic}
     bool SegmentedCodeCache                       = true                                      {product} {ergonomic}
   size_t SoftMaxHeapSize                          = 2053111808                             {manageable} {ergonomic}
     bool UseCompressedClassPointers               = true                                 {lp64_product} {ergonomic}
     bool UseCompressedOops                        = true                                 {lp64_product} {ergonomic}
     bool UseG1GC                                  = true                                      {product} {ergonomic}
     bool UseLargePagesIndividualAllocation        = false                                  {pd product} {ergonomic}

Logging:
Log output configuration:
 #0: stdout all=warning uptime,level,tags
 #1: stderr all=off uptime,level,tags

Environment Variables:
JAVA_HOME=C:\Program Files\Java\jdk-15.0.2
PATH=C:\Program Files\Common Files\Oracle\Java\javapath;C:\windows\system32;C:\windows;C:\windows\System32\Wbem;C:\windows\System32\WindowsPowerShell\v1.0\;C:\windows\System32\OpenSSH\;C:\Program Files\Java\jdk-15.0.2\bin;C:\Program Files\Java\jdk-15.0.2\bin;C:\Program Files\Git\cmd;C:\Program Files\MySQL\MySQL Shell 8.0\bin\;C:\Users\KUNAL KUMAR DAS\AppData\Local\Microsoft\WindowsApps;;C:\Users\KUNAL KUMAR DAS\AppData\Local\Programs\Microsoft VS Code\bin
USERNAME=KUNAL KUMAR DAS
OS=Windows_NT
PROCESSOR_IDENTIFIER=Intel64 Family 6 Model 140 Stepping 1, GenuineIntel



---------------  S Y S T E M  ---------------

OS:
 Windows 10 , 64 bit Build 19041 (10.0.19041.1151)
OS uptime: 0 days 3:21 hours

CPU: total 8 (initial active 8) (4 cores per cpu, 2 threads per core) family 6 model 140 stepping 1 microcode 0x6e, cmov, cx8, fxsr, mmx, sse, sse2, sse3, ssse3, sse4.1, sse4.2, popcnt, vzeroupper, avx, avx2, aes, clmul, erms, 3dnowpref, lzcnt, ht, tsc, tscinvbit, bmi1, bmi2, adx, avx512f, avx512dq, avx512cd, avx512bw, avx512vl, avx512_vpopcntdq, avx512_vpclmulqdq, avx512_vbmi, avx512_vbmi2, avx512_vaes, avx512_vnni, sha, fma, clflush, clflushopt, clwb

Memory: 4k page, system-wide physical 7831M (666M free)
TotalPageFile size 31383M (AvailPageFile size 4M)
current process WorkingSet (physical memory assigned to process): 25M, peak: 25M
current process commit charge ("private bytes"): 197M, peak: 200M

vm_info: Java HotSpot(TM) 64-Bit Server VM (15.0.2+7-27) for windows-amd64 JRE (15.0.2+7-27), built on Dec  7 2020 20:07:01 by "mach5one" with unknown MS VC++:1925

END.
