#
# There is insufficient memory for the Java Runtime Environment to continue.
# Native memory allocation (malloc) failed to allocate 1048576 bytes for AllocateHeap
# Possible reasons:
#   The system is out of physical RAM or swap space
#   The process is running with CompressedOops enabled, and the Java Heap may be blocking the growth of the native heap
# Possible solutions:
#   Reduce memory load on the system
#   Increase physical memory or swap space
#   Check if swap backing store is full
#   Decrease Java heap size (-Xmx/-Xms)
#   Decrease number of Java threads
#   Decrease Java thread stack sizes (-Xss)
#   Set larger code cache with -XX:ReservedCodeCacheSize=
#   JVM is running with Unscaled Compressed Oops mode in which the Java heap is
#     placed in the first 4GB address space. The Java Heap base address is the
#     maximum limit for the native heap growth. Please use -XX:HeapBaseMinAddress
#     to set the Java Heap base and to place the Java Heap above 4GB virtual address.
# This output file may be truncated or incomplete.
#
#  Out of Memory Error (./open/src/hotspot/share/memory/allocation.cpp:44), pid=25968, tid=492
#
# JRE version:  (15.0.2+7) (build )
# Java VM: Java HotSpot(TM) 64-Bit Server VM (15.0.2+7-27, mixed mode, sharing, tiered, compressed oops, g1 gc, windows-amd64)
# No core dump will be written. Minidumps are not enabled by default on client versions of Windows
#

---------------  S U M M A R Y ------------

Command Line: -Dfile.encoding=UTF-8 --module-path=C:\Users\KUNAL KUMAR DAS\Documents\NetBeansProjects\Electricity Billing Management System\build\classes electricity.UpdateInformation

Host: 11th Gen Intel(R) Core(TM) i5-1135G7 @ 2.40GHz, 8 cores, 7G,  Windows 10 , 64 bit Build 19041 (10.0.19041.1151)
Time: Mon Aug  9 17:30:24 2021 India Standard Time elapsed time: 0.012858 seconds (0d 0h 0m 0s)

---------------  T H R E A D  ---------------

Current thread (0x00000254430f09d0):  JavaThread "Unknown thread" [_thread_in_vm, id=492, stack(0x0000009567f00000,0x0000009568000000)]

Stack: [0x0000009567f00000,0x0000009568000000]
Native frames: (J=compiled Java code, j=interpreted, Vv=VM code, C=native code)
V  [jvm.dll+0x62ae9a]
V  [jvm.dll+0x7817a9]
V  [jvm.dll+0x782f03]
V  [jvm.dll+0x783563]
V  [jvm.dll+0x216325]
V  [jvm.dll+0x8ebb2]
V  [jvm.dll+0x2b0975]
V  [jvm.dll+0x2a80ce]
V  [jvm.dll+0x75e241]
V  [jvm.dll+0x3341c4]
V  [jvm.dll+0x73e926]
V  [jvm.dll+0x3b7557]
V  [jvm.dll+0x3b8fe1]
C  [jli.dll+0x52fb]
C  [ucrtbase.dll+0x21bb2]
C  [KERNEL32.DLL+0x17034]
C  [ntdll.dll+0x52651]


---------------  P R O C E S S  ---------------

Threads class SMR info:
_java_thread_list=0x00007ff9ca014ff0, length=0, elements={
}

Java Threads: ( => current thread )

Other Threads:
  0x000002544312def0 GCTaskThread "GC Thread#0" [stack: 0x0000009568000000,0x0000009568100000] [id=14188]

[error occurred during error reporting (printing all threads), id 0xc0000005, EXCEPTION_ACCESS_VIOLATION (0xc0000005) at pc=0x00007ff9c98053a0]

VM state: not at safepoint (not fully initialized)

VM Mutex/Monitor currently owned by a thread:  ([mutex/lock_event])
[0x00000254430ebdc0] Heap_lock - owner thread: 0x00000254430f09d0

Heap address: 0x0000000085a00000, size: 1958 MB, Compressed Oops mode: 32-bit
CDS archive(s) mapped at: [0x0000000000000000-0x0000000000000000-0x0000000000000000), size 0, SharedBaseAddress: 0x0000000800000000, ArchiveRelocationMode: 0.
Narrow klass base: 0x0000000000000000, Narrow klass shift: 0, Narrow klass range: 0x0

Heap:
 garbage-first heap   total 0K, used 0K [0x0000000085a00000, 0x0000000100000000)
  region size 1024K, 0 young (0K), 0 survivors (0K)
 Metaspace       used 0K, capacity 0K, committed 0K, reserved 0K
  class space    used 0K, capacity 0K, committed 0K, reserved 0K

Heap Regions: E=young(eden), S=young(survivor), O=old, HS=humongous(starts), HC=humongous(continues), CS=collection set, F=free, OA=open archive, CA=closed archive, TAMS=top-at-mark-start (previous, next)

Card table byte_map: [0x000002545aa40000,0x000002545ae20000] _byte_map_base: 0x000002545a613000

GC Heap History (0 events):
No events

Deoptimization events (0 events):
No events

Classes unloaded (0 events):
No events

Classes redefined (0 events):
No events

Internal exceptions (0 events):
No events

Events (1 events):
Event: 0.008 Loaded shared library C:\Program Files\Java\jdk-15.0.2\bin\java.dll


Dynamic libraries:
0x00007ff72e2d0000 - 0x00007ff72e2df000 	C:\Program Files\Java\jdk-15.0.2\bin\java.exe
0x00007ff9f2e30000 - 0x00007ff9f3025000 	C:\windows\SYSTEM32\ntdll.dll
0x00007ff9f2c00000 - 0x00007ff9f2cbd000 	C:\windows\System32\KERNEL32.DLL
0x00007ff9f0650000 - 0x00007ff9f0919000 	C:\windows\System32\KERNELBASE.dll
0x00007ff9f0d60000 - 0x00007ff9f0e60000 	C:\windows\System32\ucrtbase.dll
0x00007ff9b7ae0000 - 0x00007ff9b7af8000 	C:\Program Files\Java\jdk-15.0.2\bin\jli.dll
0x00007ff9a9a00000 - 0x00007ff9a9a19000 	C:\Program Files\Java\jdk-15.0.2\bin\VCRUNTIME140.dll
0x00007ff9f1b30000 - 0x00007ff9f1bdc000 	C:\windows\System32\ADVAPI32.dll
0x00007ff9f1a90000 - 0x00007ff9f1b2e000 	C:\windows\System32\msvcrt.dll
0x00007ff9f1880000 - 0x00007ff9f191b000 	C:\windows\System32\sechost.dll
0x00007ff9f2390000 - 0x00007ff9f24ba000 	C:\windows\System32\RPCRT4.dll
0x00007ff9f1c50000 - 0x00007ff9f1df0000 	C:\windows\System32\USER32.dll
0x00007ff9f0c80000 - 0x00007ff9f0ca2000 	C:\windows\System32\win32u.dll
0x00007ff9f1720000 - 0x00007ff9f174a000 	C:\windows\System32\GDI32.dll
0x00007ff9f0920000 - 0x00007ff9f0a2b000 	C:\windows\System32\gdi32full.dll
0x00007ff9f0560000 - 0x00007ff9f05fd000 	C:\windows\System32\msvcp_win.dll
0x00007ff9d3500000 - 0x00007ff9d379a000 	C:\windows\WinSxS\amd64_microsoft.windows.common-controls_6595b64144ccf1df_6.0.19041.1110_none_60b5254171f9507e\COMCTL32.dll
0x00007ff9dda60000 - 0x00007ff9dda6a000 	C:\windows\SYSTEM32\VERSION.dll
0x00007ff9f1e50000 - 0x00007ff9f1e80000 	C:\windows\System32\IMM32.DLL
0x00007ff9a99f0000 - 0x00007ff9a99fc000 	C:\Program Files\Java\jdk-15.0.2\bin\vcruntime140_1.dll
0x00007ff981360000 - 0x00007ff9813f1000 	C:\Program Files\Java\jdk-15.0.2\bin\msvcp140.dll
0x00007ff9c9550000 - 0x00007ff9ca0ae000 	C:\Program Files\Java\jdk-15.0.2\bin\server\jvm.dll
0x00007ff9f1750000 - 0x00007ff9f1758000 	C:\windows\System32\PSAPI.DLL
0x00007ff9cd250000 - 0x00007ff9cd259000 	C:\windows\SYSTEM32\WSOCK32.dll
0x00007ff9d0460000 - 0x00007ff9d0487000 	C:\windows\SYSTEM32\WINMM.dll
0x00007ff9f2d70000 - 0x00007ff9f2ddb000 	C:\windows\System32\WS2_32.dll
0x00007ff9eedb0000 - 0x00007ff9eedc2000 	C:\windows\SYSTEM32\kernel.appcore.dll
0x00007ff9ca740000 - 0x00007ff9ca74a000 	C:\Program Files\Java\jdk-15.0.2\bin\jimage.dll
0x00007ff9ee000000 - 0x00007ff9ee1e4000 	C:\windows\SYSTEM32\DBGHELP.DLL
0x00007ff9d4c00000 - 0x00007ff9d4c2c000 	C:\windows\SYSTEM32\dbgcore.DLL
0x00007ff9f0a30000 - 0x00007ff9f0ab3000 	C:\windows\System32\bcryptPrimitives.dll
0x00007ff9c8130000 - 0x00007ff9c8155000 	C:\Program Files\Java\jdk-15.0.2\bin\java.dll

dbghelp: loaded successfully - version: 4.0.5 - missing functions: none
symbol engine: initialized successfully - sym options: 0x614 - pdb path: .;C:\Program Files\Java\jdk-15.0.2\bin;C:\windows\SYSTEM32;C:\windows\WinSxS\amd64_microsoft.windows.common-controls_6595b64144ccf1df_6.0.19041.1110_none_60b5254171f9507e;C:\Program Files\Java\jdk-15.0.2\bin\server

VM Arguments:
jvm_args: -Dfile.encoding=UTF-8 --module-path=C:\Users\KUNAL KUMAR DAS\Documents\NetBeansProjects\Electricity Billing Management System\build\classes 
java_command: electricity.UpdateInformation
java_class_path (initial): C:\Program Files\NetBeans-12.4\netbeans\ide\modules\ext\postgresql-42.2.16.jar;C:\Users\KUNAL KUMAR DAS\Downloads\rs2xml.jar;C:\MySQLJDBC\mysql-connector-java-8.0.26\mysql-connector-java-8.0.26.jar;C:\Users\KUNAL KUMAR DAS\Documents\NetBeansProjects\Electricity Billing Management System\build\classes
Launcher Type: SUN_STANDARD

[Global flags]
     intx CICompilerCount                          = 4                                         {product} {ergonomic}
     uint ConcGCThreads                            = 2                                         {product} {ergonomic}
     uint G1ConcRefinementThreads                  = 8                                         {product} {ergonomic}
   size_t G1HeapRegionSize                         = 1048576                                   {product} {ergonomic}
    uintx GCDrainStackTargetSize                   = 64                                        {product} {ergonomic}
   size_t InitialHeapSize                          = 130023424                                 {product} {ergonomic}
   size_t MarkStackSize                            = 4194304                                   {product} {ergonomic}
   size_t MaxHeapSize                              = 2053111808                                {product} {ergonomic}
   size_t MinHeapDeltaBytes                        = 1048576                                   {product} {ergonomic}
   size_t MinHeapSize                              = 8388608                                   {product} {ergonomic}
    uintx NonNMethodCodeHeapSize                   = 5839372                                {pd product} {ergonomic}
    uintx NonProfiledCodeHeapSize                  = 122909434                              {pd product} {ergonomic}
    uintx ProfiledCodeHeapSize                     = 122909434                              {pd product} {ergonomic}
    uintx ReservedCodeCacheSize                    = 251658240                              {pd product} {ergonomic}
     bool SegmentedCodeCache                       = true                                      {product} {ergonomic}
   size_t SoftMaxHeapSize                          = 2053111808                             {manageable} {ergonomic}
     bool UseCompressedClassPointers               = true                                 {lp64_product} {ergonomic}
     bool UseCompressedOops                        = true                                 {lp64_product} {ergonomic}
     bool UseG1GC                                  = true                                      {product} {ergonomic}
     bool UseLargePagesIndividualAllocation        = false                                  {pd product} {ergonomic}

Logging:
Log output configuration:
 #0: stdout all=warning uptime,level,tags
 #1: stderr all=off uptime,level,tags

Environment Variables:
JAVA_HOME=C:\Program Files\Java\jdk-15.0.2
PATH=C:\Program Files\Common Files\Oracle\Java\javapath;C:\windows\system32;C:\windows;C:\windows\System32\Wbem;C:\windows\System32\WindowsPowerShell\v1.0\;C:\windows\System32\OpenSSH\;C:\Program Files\Java\jdk-15.0.2\bin;C:\Program Files\Java\jdk-15.0.2\bin;C:\Program Files\Git\cmd;C:\Program Files\MySQL\MySQL Shell 8.0\bin\;C:\Users\KUNAL KUMAR DAS\AppData\Local\Microsoft\WindowsApps;;C:\Users\KUNAL KUMAR DAS\AppData\Local\Programs\Microsoft VS Code\bin
USERNAME=KUNAL KUMAR DAS
OS=Windows_NT
PROCESSOR_IDENTIFIER=Intel64 Family 6 Model 140 Stepping 1, GenuineIntel



---------------  S Y S T E M  ---------------

OS:
 Windows 10 , 64 bit Build 19041 (10.0.19041.1151)
OS uptime: 0 days 1:46 hours

CPU: total 8 (initial active 8) (4 cores per cpu, 2 threads per core) family 6 model 140 stepping 1 microcode 0x6e, cmov, cx8, fxsr, mmx, sse, sse2, sse3, ssse3, sse4.1, sse4.2, popcnt, vzeroupper, avx, avx2, aes, clmul, erms, 3dnowpref, lzcnt, ht, tsc, tscinvbit, bmi1, bmi2, adx, avx512f, avx512dq, avx512cd, avx512bw, avx512vl, avx512_vpopcntdq, avx512_vpclmulqdq, avx512_vbmi, avx512_vbmi2, avx512_vaes, avx512_vnni, sha, fma, clflush, clflushopt, clwb

Memory: 4k page, system-wide physical 7831M (598M free)
TotalPageFile size 31383M (AvailPageFile size 5M)
current process WorkingSet (physical memory assigned to process): 9M, peak: 9M
current process commit charge ("private bytes"): 52M, peak: 53M

vm_info: Java HotSpot(TM) 64-Bit Server VM (15.0.2+7-27) for windows-amd64 JRE (15.0.2+7-27), built on Dec  7 2020 20:07:01 by "mach5one" with unknown MS VC++:1925

END.
